{
  "RSpec": {
    "coverage": {
      "/Users/Angela/turing/2module/projects/gif_generator/spec/features/admin_can_create_delete_gifs_spec.rb": [
        1,
        null,
        1,
        1,
        1,
        1,
        1,
        1,
        1,
        1,
        null,
        1,
        1,
        null,
        1,
        1,
        1,
        null,
        null,
        1,
        1,
        1,
        null,
        null,
        1,
        1,
        1,
        1,
        1,
        1,
        1,
        null,
        1,
        1,
        1,
        null,
        null,
        1,
        1,
        1,
        1,
        1,
        1,
        1,
        null,
        null,
        1,
        1,
        null,
        1,
        1,
        1,
        null,
        null,
        1,
        1,
        null,
        1,
        1,
        null,
        null
      ],
      "/Users/Angela/turing/2module/projects/gif_generator/spec/rails_helper.rb": [
        null,
        1,
        1,
        null,
        1,
        1,
        1,
        1,
        1,
        1,
        null,
        null,
        null,
        null,
        null,
        null,
        null,
        null,
        null,
        null,
        null,
        null,
        null,
        null,
        null,
        null,
        null,
        null,
        null,
        1,
        null,
        1,
        null,
        1,
        null,
        null,
        null,
        null,
        1,
        null,
        null,
        null,
        null,
        null,
        null,
        null,
        null,
        null,
        null,
        null,
        null,
        null,
        null,
        1,
        null,
        null,
        1,
        null,
        null,
        null,
        null,
        1,
        1,
        null,
        1,
        1,
        null,
        null
      ],
      "/Users/Angela/turing/2module/projects/gif_generator/config/environment.rb": [
        null,
        1,
        null,
        null,
        1
      ],
      "/Users/Angela/turing/2module/projects/gif_generator/config/application.rb": [
        1,
        null,
        1,
        null,
        null,
        null,
        1,
        null,
        1,
        1,
        null,
        null,
        null,
        null,
        null,
        null,
        null,
        null,
        null,
        null,
        null,
        null,
        null,
        1,
        null,
        null
      ],
      "/Users/Angela/turing/2module/projects/gif_generator/config/boot.rb": [
        1,
        null,
        1
      ],
      "/Users/Angela/turing/2module/projects/gif_generator/config/environments/test.rb": [
        1,
        null,
        null,
        null,
        null,
        null,
        null,
        1,
        null,
        null,
        null,
        null,
        1,
        null,
        null,
        1,
        1,
        null,
        null,
        1,
        1,
        null,
        null,
        1,
        null,
        null,
        1,
        null,
        null,
        null,
        null,
        1,
        null,
        null,
        1,
        null,
        null,
        1,
        null,
        null,
        null,
        null
      ],
      "/Users/Angela/turing/2module/projects/gif_generator/config/initializers/assets.rb": [
        null,
        null,
        null,
        1,
        null,
        null,
        null,
        null,
        null,
        null,
        null
      ],
      "/Users/Angela/turing/2module/projects/gif_generator/config/initializers/backtrace_silencers.rb": [
        null,
        null,
        null,
        null,
        null,
        null,
        null
      ],
      "/Users/Angela/turing/2module/projects/gif_generator/config/initializers/cookies_serializer.rb": [
        null,
        null,
        1
      ],
      "/Users/Angela/turing/2module/projects/gif_generator/config/initializers/filter_parameter_logging.rb": [
        null,
        null,
        null,
        1
      ],
      "/Users/Angela/turing/2module/projects/gif_generator/config/initializers/inflections.rb": [
        null,
        null,
        null,
        null,
        null,
        null,
        null,
        null,
        null,
        null,
        null,
        null,
        null,
        null,
        null,
        null
      ],
      "/Users/Angela/turing/2module/projects/gif_generator/config/initializers/mime_types.rb": [
        null,
        null,
        null,
        null
      ],
      "/Users/Angela/turing/2module/projects/gif_generator/config/initializers/session_store.rb": [
        null,
        null,
        1
      ],
      "/Users/Angela/turing/2module/projects/gif_generator/config/initializers/wrap_parameters.rb": [
        null,
        null,
        null,
        null,
        null,
        null,
        1,
        1,
        null,
        null,
        null,
        null,
        null,
        null
      ],
      "/Users/Angela/turing/2module/projects/gif_generator/config/routes.rb": [
        1,
        null,
        1,
        1,
        null,
        1,
        1,
        1,
        1,
        1,
        1,
        1,
        1,
        1,
        1,
        1,
        null,
        null,
        1,
        null,
        1,
        1,
        1,
        null,
        null,
        1,
        1,
        1,
        null,
        null,
        1,
        null,
        null,
        null,
        null,
        null,
        null,
        null,
        null,
        null,
        null,
        null,
        null,
        null,
        null,
        null,
        null,
        null,
        null,
        null,
        null,
        null,
        null,
        null,
        null,
        null,
        null,
        null,
        null,
        null,
        null,
        null,
        null,
        null,
        null,
        null,
        null,
        null,
        null,
        null,
        null,
        null,
        null,
        null,
        null,
        null,
        null,
        null,
        null,
        null,
        null,
        null,
        null,
        null,
        null,
        null,
        null
      ],
      "/Users/Angela/turing/2module/projects/gif_generator/app/helpers/admin/gifs_helper.rb": [
        1,
        1,
        null,
        1,
        2,
        2,
        2,
        2,
        null,
        null,
        1,
        null,
        50,
        2,
        null,
        null,
        null
      ],
      "/Users/Angela/turing/2module/projects/gif_generator/spec/features/admin_sees_admin_welcome_spec.rb": [
        1,
        null,
        1,
        1,
        1,
        1,
        null,
        1,
        1,
        1,
        1,
        1,
        null,
        null,
        1,
        1,
        1,
        null,
        null,
        null
      ],
      "/Users/Angela/turing/2module/projects/gif_generator/spec/features/user_can_favorite_and_unfavorite_gifs_spec.rb": [
        1,
        null,
        1,
        1,
        1,
        1,
        1,
        1,
        1,
        1,
        1,
        null,
        null,
        1,
        1,
        1,
        null,
        1,
        1,
        null,
        null,
        1,
        1,
        1,
        1,
        1,
        1,
        1,
        1,
        null,
        null,
        1,
        1,
        1,
        null,
        1,
        1,
        1,
        1,
        null,
        null
      ],
      "/Users/Angela/turing/2module/projects/gif_generator/spec/features/user_can_login_spec.rb": [
        1,
        null,
        1,
        1,
        1,
        null,
        1,
        1,
        1,
        1,
        null,
        1,
        null,
        null,
        1,
        1,
        1,
        1,
        1,
        1,
        1,
        null,
        null,
        1,
        null,
        1,
        1,
        null,
        null,
        null,
        1,
        1,
        null,
        1,
        1,
        1,
        1,
        1,
        null,
        null,
        1,
        null,
        null,
        null
      ],
      "/Users/Angela/turing/2module/projects/gif_generator/spec/features/user_can_logout_spec.rb": [
        1,
        null,
        1,
        1,
        1,
        null,
        1,
        1,
        1,
        1,
        1,
        null,
        null,
        1,
        1,
        null,
        1,
        1,
        null,
        null
      ],
      "/Users/Angela/turing/2module/projects/gif_generator/spec/features/user_can_view_gifs_by_category_spec.rb": [
        1,
        null,
        1,
        1,
        1,
        1,
        1,
        1,
        1,
        1,
        1,
        1,
        1,
        null,
        null,
        1,
        null,
        1,
        1,
        1,
        null,
        null,
        1,
        1,
        null,
        null,
        null,
        1,
        1,
        1,
        1,
        1,
        1,
        1,
        1,
        1,
        null,
        null,
        1,
        null,
        1,
        1,
        null,
        null,
        1,
        1,
        null,
        null,
        null
      ],
      "/Users/Angela/turing/2module/projects/gif_generator/spec/models/favorite_spec.rb": [
        1,
        null,
        1,
        2,
        null,
        2,
        null,
        2,
        null,
        2,
        null,
        null,
        null,
        null
      ],
      "/Users/Angela/turing/2module/projects/gif_generator/app/models/favorite.rb": [
        1,
        1,
        1,
        1,
        1,
        1,
        null,
        null
      ],
      "/Users/Angela/turing/2module/projects/gif_generator/spec/models/gif_spec.rb": [
        1,
        null,
        1,
        2,
        null,
        2,
        null,
        2,
        null,
        2,
        null,
        null
      ],
      "/Users/Angela/turing/2module/projects/gif_generator/app/models/gif.rb": [
        1,
        1,
        1,
        1,
        1,
        null,
        1,
        0,
        null,
        null,
        1,
        7,
        null,
        null,
        null
      ],
      "/Users/Angela/turing/2module/projects/gif_generator/spec/models/user_spec.rb": [
        1,
        null,
        1,
        2,
        null,
        2,
        null,
        2,
        null,
        2,
        null,
        2,
        null,
        2,
        null,
        1,
        1,
        null,
        1,
        null,
        null
      ],
      "/Users/Angela/turing/2module/projects/gif_generator/app/models/user.rb": [
        1,
        1,
        1,
        1,
        1,
        1,
        1,
        1,
        null,
        1,
        null,
        1,
        67,
        20,
        null,
        null,
        null
      ],
      "/Users/Angela/turing/2module/projects/gif_generator/app/controllers/sessions_controller.rb": [
        1,
        1,
        null,
        null,
        1,
        11,
        11,
        10,
        10,
        10,
        null,
        1,
        1,
        null,
        null,
        null,
        1,
        1,
        1,
        null,
        null,
        1,
        1,
        10,
        10,
        null,
        null
      ],
      "/Users/Angela/turing/2module/projects/gif_generator/app/controllers/application_controller.rb": [
        1,
        null,
        null,
        1,
        1,
        1,
        291,
        null,
        null,
        1,
        34,
        null,
        null,
        1,
        47,
        null,
        null
      ],
      "/Users/Angela/turing/2module/projects/gif_generator/app/controllers/admin/welcome_controller.rb": [
        1,
        1,
        null,
        null
      ],
      "/Users/Angela/turing/2module/projects/gif_generator/app/controllers/admin/base_controller.rb": [
        1,
        1,
        null,
        1,
        12,
        null,
        null
      ],
      "/Users/Angela/turing/2module/projects/gif_generator/app/controllers/admin/gifs_controller.rb": [
        1,
        1,
        null,
        1,
        2,
        0,
        0,
        null,
        2,
        2,
        null,
        null,
        null,
        1,
        5,
        5,
        null,
        null,
        1,
        1,
        1,
        1,
        1,
        1,
        1,
        null,
        null,
        1,
        1,
        6,
        null,
        null
      ],
      "/Users/Angela/turing/2module/projects/gif_generator/app/controllers/users_controller.rb": [
        1,
        null,
        1,
        1,
        null,
        null,
        1,
        1,
        1,
        1,
        1,
        null,
        0,
        0,
        null,
        null,
        null,
        1,
        1,
        null,
        null,
        1,
        8,
        8,
        null,
        0,
        null,
        null,
        null,
        null
      ],
      "/Users/Angela/turing/2module/projects/gif_generator/app/controllers/user/gifs_controller.rb": [
        1,
        null,
        1,
        2,
        null,
        null,
        1,
        1,
        null,
        null,
        null
      ],
      "/Users/Angela/turing/2module/projects/gif_generator/app/controllers/user/base_controller.rb": [
        1,
        1,
        null,
        1,
        10,
        null,
        null,
        null
      ],
      "/Users/Angela/turing/2module/projects/gif_generator/app/controllers/user/favorites_controller.rb": [
        1,
        null,
        1,
        1,
        1,
        1,
        null,
        0,
        null,
        1,
        null,
        null,
        1,
        4,
        null,
        null,
        1,
        1,
        1,
        1,
        null,
        null,
        1,
        1,
        null,
        null,
        null
      ],
      "/Users/Angela/turing/2module/projects/gif_generator/app/controllers/welcome_controller.rb": [
        1,
        1,
        null,
        null
      ]
    },
    "timestamp": 1469461285
  }
}
